<?xml version="1.0" encoding="UTF-8"?>
<!-- Generated by org.testng.reporters.JUnitReportReporter -->
<testsuite hostname="IBM-9PDV4D4" failures="0" tests="5" name="com.ibm.climate.RestAssuredTestSelf" time="1.963" errors="0" timestamp="2026-01-07T10:44:01 IST" skipped="0">
  <testcase classname="com.ibm.climate.RestAssuredTestSelf" name="GetData" time="1.457"/>
  <testcase classname="com.ibm.climate.RestAssuredTestSelf" name="PostData" time="0.367"/>
  <testcase classname="com.ibm.climate.RestAssuredTestSelf" name="smallUpdate" time="0.031"/>
  <testcase classname="com.ibm.climate.RestAssuredTestSelf" name="DeleteData" time="0.067"/>
  <testcase classname="com.ibm.climate.RestAssuredTestSelf" name="PutData" time="0.041"/>
</testsuite> <!-- com.ibm.climate.RestAssuredTestSelf -->
