<?xml version="1.0" encoding="UTF-8"?>
<testng-results ignored="0" total="5" passed="5" failed="0" skipped="0">
  <reporter-output>
  </reporter-output>
  <suite started-at="2026-01-07T10:43:58 IST" name="Default suite" finished-at="2026-01-07T10:44:00 IST" duration-ms="2018">
    <groups>
    </groups>
    <test started-at="2026-01-07T10:43:58 IST" name="Default test" finished-at="2026-01-07T10:44:00 IST" duration-ms="2018">
      <class name="com.ibm.climate.RestAssuredTestSelf">
        <test-method signature="GetData()[pri:0, instance:com.ibm.climate.RestAssuredTestSelf@67c27493]" started-at="2026-01-07T10:43:59 IST" name="GetData" finished-at="2026-01-07T10:44:00 IST" duration-ms="1457" status="PASS">
          <reporter-output>
          </reporter-output>
        </test-method> <!-- GetData -->
        <test-method signature="PostData()[pri:0, instance:com.ibm.climate.RestAssuredTestSelf@67c27493]" started-at="2026-01-07T10:44:00 IST" name="PostData" finished-at="2026-01-07T10:44:00 IST" depends-on-methods="com.ibm.climate.RestAssuredTestSelf.GetData" duration-ms="367" status="PASS">
          <reporter-output>
          </reporter-output>
        </test-method> <!-- PostData -->
        <test-method signature="PutData()[pri:0, instance:com.ibm.climate.RestAssuredTestSelf@67c27493]" started-at="2026-01-07T10:44:00 IST" name="PutData" finished-at="2026-01-07T10:44:00 IST" depends-on-methods="com.ibm.climate.RestAssuredTestSelf.PostData" duration-ms="41" status="PASS">
          <reporter-output>
          </reporter-output>
        </test-method> <!-- PutData -->
        <test-method signature="smallUpdate()[pri:0, instance:com.ibm.climate.RestAssuredTestSelf@67c27493]" started-at="2026-01-07T10:44:00 IST" name="smallUpdate" finished-at="2026-01-07T10:44:00 IST" depends-on-methods="com.ibm.climate.RestAssuredTestSelf.PutData" duration-ms="31" status="PASS">
          <reporter-output>
          </reporter-output>
        </test-method> <!-- smallUpdate -->
        <test-method signature="DeleteData()[pri:0, instance:com.ibm.climate.RestAssuredTestSelf@67c27493]" started-at="2026-01-07T10:44:00 IST" name="DeleteData" finished-at="2026-01-07T10:44:00 IST" depends-on-methods="com.ibm.climate.RestAssuredTestSelf.smallUpdate" duration-ms="67" status="PASS">
          <reporter-output>
          </reporter-output>
        </test-method> <!-- DeleteData -->
      </class> <!-- com.ibm.climate.RestAssuredTestSelf -->
    </test> <!-- Default test -->
  </suite> <!-- Default suite -->
</testng-results>
