<?xml version="1.0" encoding="UTF-8"?>
<!-- Generated by org.testng.reporters.JUnitXMLReporter -->
<testsuite ignored="0" hostname="IBM-9PDV4D4" failures="0" tests="5" name="Default test" time="2.018" errors="0" timestamp="2026-01-07T10:44:00 IST">
  <testcase classname="com.ibm.climate.RestAssuredTestSelf" name="GetData" time="1.457"/>
  <testcase classname="com.ibm.climate.RestAssuredTestSelf" name="PostData" time="0.367"/>
  <testcase classname="com.ibm.climate.RestAssuredTestSelf" name="PutData" time="0.041"/>
  <testcase classname="com.ibm.climate.RestAssuredTestSelf" name="smallUpdate" time="0.031"/>
  <testcase classname="com.ibm.climate.RestAssuredTestSelf" name="DeleteData" time="0.067"/>
</testsuite> <!-- Default test -->
